{
  "numFailedTestSuites": 0,
  "numFailedTests": 0,
  "numPassedTestSuites": 1,
  "numPassedTests": 48,
  "numPendingTestSuites": 0,
  "numPendingTests": 0,
  "numRuntimeErrorTestSuites": 0,
  "numTodoTests": 0,
  "numTotalTestSuites": 1,
  "numTotalTests": 48,
  "openHandles": [],
  "snapshot": {
    "added": 0,
    "didUpdate": false,
    "failure": false,
    "filesAdded": 0,
    "filesRemoved": 0,
    "filesRemovedList": [],
    "filesUnmatched": 0,
    "filesUpdated": 0,
    "matched": 0,
    "total": 0,
    "unchecked": 0,
    "uncheckedKeysByFile": [],
    "unmatched": 0,
    "updated": 0
  },
  "startTime": 1780168758977,
  "success": true,
  "testResults": [
    {
      "assertionResults": [
        {
          "ancestorTitles": ["Registration"],
          "duration": 296,
          "failing": false,
          "failureDetails": [],
          "failureMessages": [],
          "fullName": "Registration testRegisterValidUser",
          "invocations": 1,
          "location": null,
          "numPassingAsserts": 4,
          "retryReasons": [],
          "startAt": 1780168769316,
          "status": "passed",
          "title": "testRegisterValidUser"
        },
        {
          "ancestorTitles": ["Registration"],
          "duration": 38,
          "failing": false,
          "failureDetails": [],
          "failureMessages": [],
          "fullName": "Registration testRegisterWithoutUsername",
          "invocations": 1,
          "location": null,
          "numPassingAsserts": 2,
          "retryReasons": [],
          "startAt": 1780168769615,
          "status": "passed",
          "title": "testRegisterWithoutUsername"
        },
        {
          "ancestorTitles": ["Registration"],
          "duration": 39,
          "failing": false,
          "failureDetails": [],
          "failureMessages": [],
          "fullName": "Registration testRegisterWithoutPassword",
          "invocations": 1,
          "location": null,
          "numPassingAsserts": 2,
          "retryReasons": [],
          "startAt": 1780168769653,
          "status": "passed",
          "title": "testRegisterWithoutPassword"
        },
        {
          "ancestorTitles": ["Registration"],
          "duration": 58,
          "failing": false,
          "failureDetails": [],
          "failureMessages": [],
          "fullName": "Registration testRegisterInvalidUsernameLength",
          "invocations": 1,
          "location": null,
          "numPassingAsserts": 4,
          "retryReasons": [],
          "startAt": 1780168769693,
          "status": "passed",
          "title": "testRegisterInvalidUsernameLength"
        },
        {
          "ancestorTitles": ["Registration"],
          "duration": 53,
          "failing": false,
          "failureDetails": [],
          "failureMessages": [],
          "fullName": "Registration testRegisterPasswordTooShort",
          "invocations": 1,
          "location": null,
          "numPassingAsserts": 2,
          "retryReasons": [],
          "startAt": 1780168769751,
          "status": "passed",
          "title": "testRegisterPasswordTooShort"
        },
        {
          "ancestorTitles": ["Registration"],
          "duration": 71,
          "failing": false,
          "failureDetails": [],
          "failureMessages": [],
          "fullName": "Registration testRegisterWeakPassword",
          "invocations": 1,
          "location": null,
          "numPassingAsserts": 4,
          "retryReasons": [],
          "startAt": 1780168769805,
          "status": "passed",
          "title": "testRegisterWeakPassword"
        },
        {
          "ancestorTitles": ["Registration"],
          "duration": 254,
          "failing": false,
          "failureDetails": [],
          "failureMessages": [],
          "fullName": "Registration testRegisterExistingUsername",
          "invocations": 1,
          "location": null,
          "numPassingAsserts": 3,
          "retryReasons": [],
          "startAt": 1780168769877,
          "status": "passed",
          "title": "testRegisterExistingUsername"
        },
        {
          "ancestorTitles": ["Login"],
          "duration": 301,
          "failing": false,
          "failureDetails": [],
          "failureMessages": [],
          "fullName": "Login testLoginValidUser",
          "invocations": 1,
          "location": null,
          "numPassingAsserts": 3,
          "retryReasons": [],
          "startAt": 1780168770405,
          "status": "passed",
          "title": "testLoginValidUser"
        },
        {
          "ancestorTitles": ["Login"],
          "duration": 94,
          "failing": false,
          "failureDetails": [],
          "failureMessages": [],
          "fullName": "Login testLoginMissingFields",
          "invocations": 1,
          "location": null,
          "numPassingAsserts": 2,
          "retryReasons": [],
          "startAt": 1780168770706,
          "status": "passed",
          "title": "testLoginMissingFields"
        },
        {
          "ancestorTitles": ["Login"],
          "duration": 43,
          "failing": false,
          "failureDetails": [],
          "failureMessages": [],
          "fullName": "Login testLoginUnknownUser",
          "invocations": 1,
          "location": null,
          "numPassingAsserts": 2,
          "retryReasons": [],
          "startAt": 1780168770801,
          "status": "passed",
          "title": "testLoginUnknownUser"
        },
        {
          "ancestorTitles": ["Login"],
          "duration": 376,
          "failing": false,
          "failureDetails": [],
          "failureMessages": [],
          "fullName": "Login testLoginWrongPassword",
          "invocations": 1,
          "location": null,
          "numPassingAsserts": 2,
          "retryReasons": [],
          "startAt": 1780168770844,
          "status": "passed",
          "title": "testLoginWrongPassword"
        },
        {
          "ancestorTitles": ["Login"],
          "duration": 608,
          "failing": false,
          "failureDetails": [],
          "failureMessages": [],
          "fullName": "Login testLoginReturnsToken",
          "invocations": 1,
          "location": null,
          "numPassingAsserts": 4,
          "retryReasons": [],
          "startAt": 1780168771220,
          "status": "passed",
          "title": "testLoginReturnsToken"
        },
        {
          "ancestorTitles": ["User Security"],
          "duration": 13,
          "failing": false,
          "failureDetails": [],
          "failureMessages": [],
          "fullName": "User Security testPasswordIsHashed",
          "invocations": 1,
          "location": null,
          "numPassingAsserts": 3,
          "retryReasons": [],
          "startAt": 1780168771842,
          "status": "passed",
          "title": "testPasswordIsHashed"
        },
        {
          "ancestorTitles": ["User Security"],
          "duration": 522,
          "failing": false,
          "failureDetails": [],
          "failureMessages": [],
          "fullName": "User Security testPasswordCompareWithHash",
          "invocations": 1,
          "location": null,
          "numPassingAsserts": 2,
          "retryReasons": [],
          "startAt": 1780168771855,
          "status": "passed",
          "title": "testPasswordCompareWithHash"
        },
        {
          "ancestorTitles": ["Authorization & Access"],
          "duration": 37,
          "failing": false,
          "failureDetails": [],
          "failureMessages": [],
          "fullName": "Authorization & Access testProtectedRouteWithoutToken",
          "invocations": 1,
          "location": null,
          "numPassingAsserts": 2,
          "retryReasons": [],
          "startAt": 1780168772378,
          "status": "passed",
          "title": "testProtectedRouteWithoutToken"
        },
        {
          "ancestorTitles": ["Authorization & Access"],
          "duration": 38,
          "failing": false,
          "failureDetails": [],
          "failureMessages": [],
          "fullName": "Authorization & Access testProtectedRouteInvalidToken",
          "invocations": 1,
          "location": null,
          "numPassingAsserts": 2,
          "retryReasons": [],
          "startAt": 1780168772416,
          "status": "passed",
          "title": "testProtectedRouteInvalidToken"
        },
        {
          "ancestorTitles": ["Authorization & Access"],
          "duration": 46,
          "failing": false,
          "failureDetails": [],
          "failureMessages": [],
          "fullName": "Authorization & Access testGetMeWithValidToken",
          "invocations": 1,
          "location": null,
          "numPassingAsserts": 6,
          "retryReasons": [],
          "startAt": 1780168772454,
          "status": "passed",
          "title": "testGetMeWithValidToken"
        },
        {
          "ancestorTitles": ["Authorization & Access"],
          "duration": 39,
          "failing": false,
          "failureDetails": [],
          "failureMessages": [],
          "fullName": "Authorization & Access testUserCannotAccessOtherUserProgress",
          "invocations": 1,
          "location": null,
          "numPassingAsserts": 2,
          "retryReasons": [],
          "startAt": 1780168772500,
          "status": "passed",
          "title": "testUserCannotAccessOtherUserProgress"
        },
        {
          "ancestorTitles": ["Admin Permissions"],
          "duration": 58,
          "failing": false,
          "failureDetails": [],
          "failureMessages": [],
          "fullName": "Admin Permissions testRegularUserCannotAccessAdmin",
          "invocations": 1,
          "location": null,
          "numPassingAsserts": 2,
          "retryReasons": [],
          "startAt": 1780168772539,
          "status": "passed",
          "title": "testRegularUserCannotAccessAdmin"
        },
        {
          "ancestorTitles": ["Admin Permissions"],
          "duration": 56,
          "failing": false,
          "failureDetails": [],
          "failureMessages": [],
          "fullName": "Admin Permissions testAdminCanViewSuggestions",
          "invocations": 1,
          "location": null,
          "numPassingAsserts": 3,
          "retryReasons": [],
          "startAt": 1780168772597,
          "status": "passed",
          "title": "testAdminCanViewSuggestions"
        },
        {
          "ancestorTitles": ["Hebrew Wordle"],
          "duration": 95,
          "failing": false,
          "failureDetails": [],
          "failureMessages": [],
          "fullName": "Hebrew Wordle testGetHebrewWordValidLength",
          "invocations": 1,
          "location": null,
          "numPassingAsserts": 12,
          "retryReasons": [],
          "startAt": 1780168772654,
          "status": "passed",
          "title": "testGetHebrewWordValidLength"
        },
        {
          "ancestorTitles": ["Hebrew Wordle"],
          "duration": 84,
          "failing": false,
          "failureDetails": [],
          "failureMessages": [],
          "fullName": "Hebrew Wordle testGetHebrewWordInvalidLength",
          "invocations": 1,
          "location": null,
          "numPassingAsserts": 8,
          "retryReasons": [],
          "startAt": 1780168772750,
          "status": "passed",
          "title": "testGetHebrewWordInvalidLength"
        },
        {
          "ancestorTitles": ["Hebrew Wordle"],
          "duration": 46,
          "failing": false,
          "failureDetails": [],
          "failureMessages": [],
          "fullName": "Hebrew Wordle testValidateValidHebrewWord",
          "invocations": 1,
          "location": null,
          "numPassingAsserts": 2,
          "retryReasons": [],
          "startAt": 1780168772835,
          "status": "passed",
          "title": "testValidateValidHebrewWord"
        },
        {
          "ancestorTitles": ["Hebrew Wordle"],
          "duration": 32,
          "failing": false,
          "failureDetails": [],
          "failureMessages": [],
          "fullName": "Hebrew Wordle testValidateInvalidHebrewWord",
          "invocations": 1,
          "location": null,
          "numPassingAsserts": 2,
          "retryReasons": [],
          "startAt": 1780168772881,
          "status": "passed",
          "title": "testValidateInvalidHebrewWord"
        },
        {
          "ancestorTitles": ["English Wordle"],
          "duration": 84,
          "failing": false,
          "failureDetails": [],
          "failureMessages": [],
          "fullName": "English Wordle testGetEnglishWordValidLength",
          "invocations": 1,
          "location": null,
          "numPassingAsserts": 12,
          "retryReasons": [],
          "startAt": 1780168772913,
          "status": "passed",
          "title": "testGetEnglishWordValidLength"
        },
        {
          "ancestorTitles": ["English Wordle"],
          "duration": 92,
          "failing": false,
          "failureDetails": [],
          "failureMessages": [],
          "fullName": "English Wordle testGetEnglishWordInvalidLength",
          "invocations": 1,
          "location": null,
          "numPassingAsserts": 8,
          "retryReasons": [],
          "startAt": 1780168772997,
          "status": "passed",
          "title": "testGetEnglishWordInvalidLength"
        },
        {
          "ancestorTitles": ["English Wordle"],
          "duration": 36,
          "failing": false,
          "failureDetails": [],
          "failureMessages": [],
          "fullName": "English Wordle testValidateValidEnglishWord",
          "invocations": 1,
          "location": null,
          "numPassingAsserts": 2,
          "retryReasons": [],
          "startAt": 1780168773090,
          "status": "passed",
          "title": "testValidateValidEnglishWord"
        },
        {
          "ancestorTitles": ["English Wordle"],
          "duration": 51,
          "failing": false,
          "failureDetails": [],
          "failureMessages": [],
          "fullName": "English Wordle testValidateEnglishWordCaseInsensitive",
          "invocations": 1,
          "location": null,
          "numPassingAsserts": 4,
          "retryReasons": [],
          "startAt": 1780168773127,
          "status": "passed",
          "title": "testValidateEnglishWordCaseInsensitive"
        },
        {
          "ancestorTitles": ["English Wordle"],
          "duration": 27,
          "failing": false,
          "failureDetails": [],
          "failureMessages": [],
          "fullName": "English Wordle testValidateInvalidEnglishWord",
          "invocations": 1,
          "location": null,
          "numPassingAsserts": 2,
          "retryReasons": [],
          "startAt": 1780168773178,
          "status": "passed",
          "title": "testValidateInvalidEnglishWord"
        },
        {
          "ancestorTitles": ["Math Game"],
          "duration": 73,
          "failing": false,
          "failureDetails": [],
          "failureMessages": [],
          "fullName": "Math Game testMathPuzzleCorrectAnswer",
          "invocations": 1,
          "location": null,
          "numPassingAsserts": 3,
          "retryReasons": [],
          "startAt": 1780168773206,
          "status": "passed",
          "title": "testMathPuzzleCorrectAnswer"
        },
        {
          "ancestorTitles": ["Math Game"],
          "duration": 41,
          "failing": false,
          "failureDetails": [],
          "failureMessages": [],
          "fullName": "Math Game testMathPuzzleWrongAnswer",
          "invocations": 1,
          "location": null,
          "numPassingAsserts": 2,
          "retryReasons": [],
          "startAt": 1780168773279,
          "status": "passed",
          "title": "testMathPuzzleWrongAnswer"
        },
        {
          "ancestorTitles": ["Math Game"],
          "duration": 37,
          "failing": false,
          "failureDetails": [],
          "failureMessages": [],
          "fullName": "Math Game testMathPuzzleGameEndsCorrectly",
          "invocations": 1,
          "location": null,
          "numPassingAsserts": 4,
          "retryReasons": [],
          "startAt": 1780168773320,
          "status": "passed",
          "title": "testMathPuzzleGameEndsCorrectly"
        },
        {
          "ancestorTitles": ["Save Game Records"],
          "duration": 39,
          "failing": false,
          "failureDetails": [],
          "failureMessages": [],
          "fullName": "Save Game Records testSaveGameRecordValidUser",
          "invocations": 1,
          "location": null,
          "numPassingAsserts": 2,
          "retryReasons": [],
          "startAt": 1780168773358,
          "status": "passed",
          "title": "testSaveGameRecordValidUser"
        },
        {
          "ancestorTitles": ["Save Game Records"],
          "duration": 28,
          "failing": false,
          "failureDetails": [],
          "failureMessages": [],
          "fullName": "Save Game Records testSaveGameRecordWithoutToken",
          "invocations": 1,
          "location": null,
          "numPassingAsserts": 2,
          "retryReasons": [],
          "startAt": 1780168773397,
          "status": "passed",
          "title": "testSaveGameRecordWithoutToken"
        },
        {
          "ancestorTitles": ["Save Game Records"],
          "duration": 29,
          "failing": false,
          "failureDetails": [],
          "failureMessages": [],
          "fullName": "Save Game Records testSaveGameRecordMissingGame",
          "invocations": 1,
          "location": null,
          "numPassingAsserts": 2,
          "retryReasons": [],
          "startAt": 1780168773425,
          "status": "passed",
          "title": "testSaveGameRecordMissingGame"
        },
        {
          "ancestorTitles": ["Save Game Records"],
          "duration": 31,
          "failing": false,
          "failureDetails": [],
          "failureMessages": [],
          "fullName": "Save Game Records testSaveGameRecordMissingStars",
          "invocations": 1,
          "location": null,
          "numPassingAsserts": 2,
          "retryReasons": [],
          "startAt": 1780168773455,
          "status": "passed",
          "title": "testSaveGameRecordMissingStars"
        },
        {
          "ancestorTitles": ["Save Game Records"],
          "duration": 31,
          "failing": false,
          "failureDetails": [],
          "failureMessages": [],
          "fullName": "Save Game Records testSaveGameRecordInvalidGame",
          "invocations": 1,
          "location": null,
          "numPassingAsserts": 2,
          "retryReasons": [],
          "startAt": 1780168773487,
          "status": "passed",
          "title": "testSaveGameRecordInvalidGame"
        },
        {
          "ancestorTitles": ["Save Game Records"],
          "duration": 87,
          "failing": false,
          "failureDetails": [],
          "failureMessages": [],
          "fullName": "Save Game Records testSaveGameRecordUpdatesStars",
          "invocations": 1,
          "location": null,
          "numPassingAsserts": 1,
          "retryReasons": [],
          "startAt": 1780168773518,
          "status": "passed",
          "title": "testSaveGameRecordUpdatesStars"
        },
        {
          "ancestorTitles": ["User Progress"],
          "duration": 36,
          "failing": false,
          "failureDetails": [],
          "failureMessages": [],
          "fullName": "User Progress testGetUserProgress",
          "invocations": 1,
          "location": null,
          "numPassingAsserts": 5,
          "retryReasons": [],
          "startAt": 1780168773605,
          "status": "passed",
          "title": "testGetUserProgress"
        },
        {
          "ancestorTitles": ["User Progress"],
          "duration": 276,
          "failing": false,
          "failureDetails": [],
          "failureMessages": [],
          "fullName": "User Progress testProgressDefaultValues",
          "invocations": 1,
          "location": null,
          "numPassingAsserts": 7,
          "retryReasons": [],
          "startAt": 1780168773641,
          "status": "passed",
          "title": "testProgressDefaultValues"
        },
        {
          "ancestorTitles": ["Game Records Summary"],
          "duration": 32,
          "failing": false,
          "failureDetails": [],
          "failureMessages": [],
          "fullName": "Game Records Summary testGetGameRecordsSummary",
          "invocations": 1,
          "location": null,
          "numPassingAsserts": 4,
          "retryReasons": [],
          "startAt": 1780168773917,
          "status": "passed",
          "title": "testGetGameRecordsSummary"
        },
        {
          "ancestorTitles": ["Game Records Summary"],
          "duration": 32,
          "failing": false,
          "failureDetails": [],
          "failureMessages": [],
          "fullName": "Game Records Summary testSummaryIncludesAllGames",
          "invocations": 1,
          "location": null,
          "numPassingAsserts": 7,
          "retryReasons": [],
          "startAt": 1780168773949,
          "status": "passed",
          "title": "testSummaryIncludesAllGames"
        },
        {
          "ancestorTitles": ["User Suggestions"],
          "duration": 36,
          "failing": false,
          "failureDetails": [],
          "failureMessages": [],
          "fullName": "User Suggestions testSubmitSuggestionValidUser",
          "invocations": 1,
          "location": null,
          "numPassingAsserts": 3,
          "retryReasons": [],
          "startAt": 1780168773981,
          "status": "passed",
          "title": "testSubmitSuggestionValidUser"
        },
        {
          "ancestorTitles": ["User Suggestions"],
          "duration": 34,
          "failing": false,
          "failureDetails": [],
          "failureMessages": [],
          "fullName": "User Suggestions testSubmitSuggestionWithoutToken",
          "invocations": 1,
          "location": null,
          "numPassingAsserts": 2,
          "retryReasons": [],
          "startAt": 1780168774018,
          "status": "passed",
          "title": "testSubmitSuggestionWithoutToken"
        },
        {
          "ancestorTitles": ["User Suggestions"],
          "duration": 46,
          "failing": false,
          "failureDetails": [],
          "failureMessages": [],
          "fullName": "User Suggestions testSubmitSuggestionWithoutTitle",
          "invocations": 1,
          "location": null,
          "numPassingAsserts": 2,
          "retryReasons": [],
          "startAt": 1780168774053,
          "status": "passed",
          "title": "testSubmitSuggestionWithoutTitle"
        },
        {
          "ancestorTitles": ["User Suggestions"],
          "duration": 35,
          "failing": false,
          "failureDetails": [],
          "failureMessages": [],
          "fullName": "User Suggestions testSubmitSuggestionWithoutDescription",
          "invocations": 1,
          "location": null,
          "numPassingAsserts": 2,
          "retryReasons": [],
          "startAt": 1780168774099,
          "status": "passed",
          "title": "testSubmitSuggestionWithoutDescription"
        },
        {
          "ancestorTitles": ["User Suggestions"],
          "duration": 35,
          "failing": false,
          "failureDetails": [],
          "failureMessages": [],
          "fullName": "User Suggestions testSubmitSuggestionTitleTooLong",
          "invocations": 1,
          "location": null,
          "numPassingAsserts": 2,
          "retryReasons": [],
          "startAt": 1780168774134,
          "status": "passed",
          "title": "testSubmitSuggestionTitleTooLong"
        },
        {
          "ancestorTitles": ["User Suggestions"],
          "duration": 29,
          "failing": false,
          "failureDetails": [],
          "failureMessages": [],
          "fullName": "User Suggestions testSubmitSuggestionDescriptionTooLong",
          "invocations": 1,
          "location": null,
          "numPassingAsserts": 2,
          "retryReasons": [],
          "startAt": 1780168774169,
          "status": "passed",
          "title": "testSubmitSuggestionDescriptionTooLong"
        }
      ],
      "endTime": 1780168774211,
      "message": "",
      "name": "C:\\Users\\galre_etydcp4\\OneDrive\\מסמכים\\צהל\\BrainGames\\server\\tests\\api.test.ts",
      "startTime": 1780168760154,
      "status": "passed",
      "summary": ""
    }
  ],
  "wasInterrupted": false
}
